cl : 명령줄 warning D9035: 'Gm' 옵션은 더 이상 사용되지 않으므로 이후 릴리스에서 제거될 예정입니다.
  virtualLego.cpp
C:\Users\mj043\Desktop\객체지향프로그래밍\소스코드\OOP-Proj3\d3dUtility.h(23,1): warning C4005: 'INFINITY': 매크로 재정의
C:\Program Files (x86)\Windows Kits\10\Include\10.0.19041.0\ucrt\corecrt_math.h(88): message : 'INFINITY'의 이전 정의를 참조하십시오.
C:\Users\mj043\Desktop\객체지향프로그래밍\소스코드\OOP-Proj3\virtualLego.cpp(278,18): warning C4244: '=': 'int'에서 'float'(으)로 변환하면서 데이터가 손실될 수 있습니다.
C:\Users\mj043\Desktop\객체지향프로그래밍\소스코드\OOP-Proj3\virtualLego.cpp(279,18): warning C4244: '=': 'int'에서 'float'(으)로 변환하면서 데이터가 손실될 수 있습니다.
  Csphere.cpp
C:\Users\mj043\Desktop\객체지향프로그래밍\소스코드\OOP-Proj3\d3dUtility.h(23,1): warning C4005: 'INFINITY': 매크로 재정의
C:\Program Files (x86)\Windows Kits\10\Include\10.0.19041.0\ucrt\corecrt_math.h(88): message : 'INFINITY'의 이전 정의를 참조하십시오.
C:\Users\mj043\Desktop\객체지향프로그래밍\소스코드\OOP-Proj3\Csphere.cpp(106,30): warning C4305: '초기화 중': 'double'에서 'float'(으)로 잘립니다.
C:\Users\mj043\Desktop\객체지향프로그래밍\소스코드\OOP-Proj3\Csphere.cpp(116,32): warning C4305: '초기화 중': 'double'에서 'float'(으)로 잘립니다.
C:\Users\mj043\Desktop\객체지향프로그래밍\소스코드\OOP-Proj3\Csphere.cpp(138,15): warning C4244: '초기화 중': 'double'에서 'float'(으)로 변환하면서 데이터가 손실될 수 있습니다.
C:\Users\mj043\Desktop\객체지향프로그래밍\소스코드\OOP-Proj3\Csphere.cpp(155,23): warning C4244: '=': 'double'에서 'float'(으)로 변환하면서 데이터가 손실될 수 있습니다.
C:\Users\mj043\Desktop\객체지향프로그래밍\소스코드\OOP-Proj3\Csphere.cpp(156,23): warning C4244: '=': 'double'에서 'float'(으)로 변환하면서 데이터가 손실될 수 있습니다.
  CWall.cpp
C:\Users\mj043\Desktop\객체지향프로그래밍\소스코드\OOP-Proj3\d3dUtility.h(23,1): warning C4005: 'INFINITY': 매크로 재정의
C:\Program Files (x86)\Windows Kits\10\Include\10.0.19041.0\ucrt\corecrt_math.h(88): message : 'INFINITY'의 이전 정의를 참조하십시오.
C:\Users\mj043\Desktop\객체지향프로그래밍\소스코드\OOP-Proj3\CWall.cpp(10,38): warning C4305: '초기화 중': 'double'에서 'float'(으)로 잘립니다.
C:\Users\mj043\Desktop\객체지향프로그래밍\소스코드\OOP-Proj3\CWall.cpp(80,53): warning C4305: 'return': 'double'에서 'float'(으)로 잘립니다.
  코드를 생성하고 있습니다...
  VirtualLego.vcxproj -> C:\Users\mj043\Desktop\객체지향프로그래밍\소스코드\OOP-Proj3\Debug\VirtualLego.exe
